  Source.cpp
C:\dev\vcpkg\installed\x64-windows\include\GLFW\glfw3.h(3235,1): warning C4819: 檔案含有無法在目前字碼頁 (950) 中表示的字元。請以 Unicode 格式儲存檔案以防止資料遺失
  (編譯來源檔案 'Source.cpp')
  
C:\Users\user\source\repos\hw\hw\Source.cpp(26,43): warning C4305: '正在初始化': 從 'double' 轉換為 'float'，是由較大的類型轉換為較小的類型，可能導致資料遺失
C:\Users\user\source\repos\hw\hw\Source.cpp(27,43): warning C4305: '正在初始化': 從 'double' 轉換為 'float'，是由較大的類型轉換為較小的類型，可能導致資料遺失
C:\Users\user\source\repos\hw\hw\Source.cpp(27,48): warning C4305: '正在初始化': 從 'double' 轉換為 'float'，是由較大的類型轉換為較小的類型，可能導致資料遺失
C:\Users\user\source\repos\hw\hw\Source.cpp(367,48): warning C4244: '引數': 將 'double' 轉換為 'GLsizei'，由於類型不同，可能導致資料遺失
C:\Users\user\source\repos\hw\hw\Source.cpp(367,30): warning C4244: '引數': 將 'double' 轉換為 'GLsizei'，由於類型不同，可能導致資料遺失
C:\Users\user\source\repos\hw\hw\Source.cpp(164,15): warning C4101: 'texture1': 未參考的區域變數
C:\Users\user\source\repos\hw\hw\Source.cpp(489,17): warning C4305: '+=': 從 'double' 轉換為 'T'，是由較大的類型轉換為較小的類型，可能導致資料遺失
C:\Users\user\source\repos\hw\hw\Source.cpp(489,17): warning C4305:         with
C:\Users\user\source\repos\hw\hw\Source.cpp(489,17): warning C4305:         [
C:\Users\user\source\repos\hw\hw\Source.cpp(489,17): warning C4305:             T=float
C:\Users\user\source\repos\hw\hw\Source.cpp(489,17): warning C4305:         ]
C:\Users\user\source\repos\hw\hw\Source.cpp(491,17): warning C4305: '-=': 從 'double' 轉換為 'T'，是由較大的類型轉換為較小的類型，可能導致資料遺失
C:\Users\user\source\repos\hw\hw\Source.cpp(491,17): warning C4305:         with
C:\Users\user\source\repos\hw\hw\Source.cpp(491,17): warning C4305:         [
C:\Users\user\source\repos\hw\hw\Source.cpp(491,17): warning C4305:             T=float
C:\Users\user\source\repos\hw\hw\Source.cpp(491,17): warning C4305:         ]
C:\Users\user\source\repos\hw\hw\Source.cpp(493,17): warning C4305: '-=': 從 'double' 轉換為 'T'，是由較大的類型轉換為較小的類型，可能導致資料遺失
C:\Users\user\source\repos\hw\hw\Source.cpp(493,17): warning C4305:         with
C:\Users\user\source\repos\hw\hw\Source.cpp(493,17): warning C4305:         [
C:\Users\user\source\repos\hw\hw\Source.cpp(493,17): warning C4305:             T=float
C:\Users\user\source\repos\hw\hw\Source.cpp(493,17): warning C4305:         ]
C:\Users\user\source\repos\hw\hw\Source.cpp(495,17): warning C4305: '+=': 從 'double' 轉換為 'T'，是由較大的類型轉換為較小的類型，可能導致資料遺失
C:\Users\user\source\repos\hw\hw\Source.cpp(495,17): warning C4305:         with
C:\Users\user\source\repos\hw\hw\Source.cpp(495,17): warning C4305:         [
C:\Users\user\source\repos\hw\hw\Source.cpp(495,17): warning C4305:             T=float
C:\Users\user\source\repos\hw\hw\Source.cpp(495,17): warning C4305:         ]
  hw.vcxproj -> C:\Users\user\source\repos\hw\x64\Debug\hw.exe
  'pwsh.exe' 不是內部或外部命令、可執行的程式或批次檔。
